{
  "stats": {
    "suites": 1,
    "tests": 4,
    "passes": 2,
    "pending": 0,
    "failures": 2,
    "start": "2024-07-06T17:56:31.948Z",
    "end": "2024-07-06T17:57:01.609Z",
    "duration": 29661,
    "testsRegistered": 4,
    "passPercent": 50,
    "pendingPercent": 0,
    "other": 0,
    "hasOther": false,
    "skipped": 0,
    "hasSkipped": false
  },
  "results": [
    {
      "uuid": "a6d86f08-42c9-43f5-9df7-a156d486654a",
      "title": "",
      "fullFile": "cypress\\e2e\\5-functional-tests\\panier.cy.js",
      "file": "cypress\\e2e\\5-functional-tests\\panier.cy.js",
      "beforeHooks": [],
      "afterHooks": [],
      "tests": [],
      "suites": [
        {
          "uuid": "977c5262-3825-45b0-8eee-23fb0af33fd4",
          "title": "Cart Tests",
          "fullFile": "",
          "file": "",
          "beforeHooks": [],
          "afterHooks": [],
          "tests": [
            {
              "title": "should add a product to the cart",
              "fullTitle": "Cart Tests should add a product to the cart",
              "timedOut": null,
              "duration": 6783,
              "state": "passed",
              "speed": "medium",
              "pass": true,
              "fail": false,
              "pending": false,
              "context": null,
              "code": "cy.visit(\"/products\");\ncy.get('.add-to-cart [data-cy=\"product-link\"]').first().click();\ncy.url().should(\"include\", \"/products/\");\ncy.get('[data-cy=\"detail-product-add\"]').should(\"be.visible\").click(); //Ajouter au panier\ncy.visit(\"/cart\");\ncy.get('[data-cy=\"cart-line\"]').should(\"have.length.greaterThan\", 0);",
              "err": {},
              "uuid": "e41ff324-9172-487e-a392-4e4d6202aa15",
              "parentUUID": "977c5262-3825-45b0-8eee-23fb0af33fd4",
              "isHook": false,
              "skipped": false
            },
            {
              "title": "should verify if the stock is reduced after adding to cart",
              "fullTitle": "Cart Tests should verify if the stock is reduced after adding to cart",
              "timedOut": null,
              "duration": 3319,
              "state": "failed",
              "speed": null,
              "pass": false,
              "fail": true,
              "pending": false,
              "context": null,
              "code": "cy.visit(\"/products\");\ncy.get('.add-to-cart [data-cy=\"product-link\"]').first().click();\ncy.url().should(\"include\", \"/products/\");\ncy.get('[data-cy=\"detail-product-stock\"]').invoke(\"text\").then(availableStock => {\n  const initialStock = Number(availableStock.trim());\n  expect(initialStock).to.be.greaterThan(0);\n  cy.get('[data-cy=\"detail-product-add\"]').click();\n  // cy.visit(\"/products/{productId}\");\n  cy.url().should(\"include\", \"/products/\");\n  cy.get('[data-cy=\"product-stock\"]').invoke(\"text\").then(updatedStockNumber => {\n    const updatedStock = Number(updatedStockNumber.trim());\n    expect(updatedStock).to.eq(initialStock - 1); // Verify if stock was reduced\n  });\n});",
              "err": {
                "message": "AssertionError: expected NaN to be above +0",
                "estack": "AssertionError: expected NaN to be above +0\n    at Context.eval (webpack:///./cypress/e2e/5-functional-tests/panier.cy.js:23:7)",
                "diff": null
              },
              "uuid": "18e503f2-d242-46c9-9c43-8cb4f4af5e0d",
              "parentUUID": "977c5262-3825-45b0-8eee-23fb0af33fd4",
              "isHook": false,
              "skipped": false
            },
            {
              "title": "should handle invalid quantity inputs",
              "fullTitle": "Cart Tests should handle invalid quantity inputs",
              "timedOut": null,
              "duration": 13697,
              "state": "failed",
              "speed": null,
              "pass": false,
              "fail": true,
              "pending": false,
              "context": null,
              "code": "cy.visit(\"/cart\");\ncy.get('[data-cy=\"cart-line\"]').first().find('[data-cy=\"cart-line-quantity\"]').clear().type(\"-5{enter}\");\n// cy.get('[data-cy=\"cart-line\"]')\n//   .first()\n//   .find('[data-cy=\"cart-line-quantity\"]')\n//   .should(\"have.value\", \"1\"); // Verify if the negative value was reset to 1\ncy.contains(\"This value should be 0 or more.\").should(\"be.visible\");\ncy.get('[data-cy=\"cart-line\"]').first().find('[data-cy=\"cart-line-quantity\"]').clear().type(\"1000{enter}\");\ncy.contains(\"This value is not valid.\").should(\"be.visible\"); // Check if an error message is displayed",
              "err": {
                "message": "AssertionError: Timed out retrying after 10000ms: Expected to find content: 'This value should be 0 or more.' but never did.",
                "estack": "AssertionError: Timed out retrying after 10000ms: Expected to find content: 'This value should be 0 or more.' but never did.\n    at Context.eval (webpack:///./cypress/e2e/5-functional-tests/panier.cy.js:49:51)",
                "diff": null
              },
              "uuid": "f17e714e-0146-4c2a-907b-1887ced61ccd",
              "parentUUID": "977c5262-3825-45b0-8eee-23fb0af33fd4",
              "isHook": false,
              "skipped": false
            },
            {
              "title": "should remove a product from the cart",
              "fullTitle": "Cart Tests should remove a product from the cart",
              "timedOut": null,
              "duration": 5311,
              "state": "passed",
              "speed": "medium",
              "pass": true,
              "fail": false,
              "pending": false,
              "context": null,
              "code": "cy.visit(\"/cart\");\ncy.get('[data-cy=\"cart-line\"]').should(\"have.length.greaterThan\", 0);\ncy.get('[data-cy=\"cart-line-delete\"]').should(\"be.visible\").each($el => {\n  cy.wrap($el).click();\n});\ncy.get('[data-cy=\"cart-line\"]').should(\"have.length\", 0);",
              "err": {},
              "uuid": "ae56c58c-65af-43ce-90ba-9008f4bd0a97",
              "parentUUID": "977c5262-3825-45b0-8eee-23fb0af33fd4",
              "isHook": false,
              "skipped": false
            }
          ],
          "suites": [],
          "passes": [
            "e41ff324-9172-487e-a392-4e4d6202aa15",
            "ae56c58c-65af-43ce-90ba-9008f4bd0a97"
          ],
          "failures": [
            "18e503f2-d242-46c9-9c43-8cb4f4af5e0d",
            "f17e714e-0146-4c2a-907b-1887ced61ccd"
          ],
          "pending": [],
          "skipped": [],
          "duration": 29110,
          "root": false,
          "rootEmpty": false,
          "_timeout": 2000
        }
      ],
      "passes": [],
      "failures": [],
      "pending": [],
      "skipped": [],
      "duration": 0,
      "root": true,
      "rootEmpty": true,
      "_timeout": 2000
    }
  ],
  "meta": {
    "mocha": {
      "version": "7.0.1"
    },
    "mochawesome": {
      "options": {
        "quiet": false,
        "reportFilename": "mochawesome",
        "saveHtml": false,
        "saveJson": true,
        "consoleReporter": "spec",
        "useInlineDiffs": false,
        "code": true
      },
      "version": "7.1.3"
    },
    "marge": {
      "options": {
        "id": "default",
        "reportDir": "cypress/reports/mochawesome",
        "overwrite": false,
        "html": false,
        "json": true
      },
      "version": "6.2.0"
    }
  }
}