{
  "stats": {
    "suites": 1,
    "tests": 3,
    "passes": 2,
    "pending": 0,
    "failures": 1,
    "start": "2024-07-06T17:54:38.373Z",
    "end": "2024-07-06T17:54:43.388Z",
    "duration": 5015,
    "testsRegistered": 3,
    "passPercent": 66.66666666666666,
    "pendingPercent": 0,
    "other": 0,
    "hasOther": false,
    "skipped": 0,
    "hasSkipped": false
  },
  "results": [
    {
      "uuid": "3dd3dffe-9544-4897-bc7a-5575649f1102",
      "title": "",
      "fullFile": "cypress\\e2e\\3-tests-API\\api.orders.cy.js",
      "file": "cypress\\e2e\\3-tests-API\\api.orders.cy.js",
      "beforeHooks": [],
      "afterHooks": [],
      "tests": [],
      "suites": [
        {
          "uuid": "46442389-a237-4a9a-9370-b26b86927202",
          "title": "API orders test",
          "fullFile": "",
          "file": "",
          "beforeHooks": [],
          "afterHooks": [],
          "tests": [
            {
              "title": "should display the list of products from the cart",
              "fullTitle": "API orders test should display the list of products from the cart",
              "timedOut": null,
              "duration": 1569,
              "state": "passed",
              "speed": "fast",
              "pass": true,
              "fail": false,
              "pending": false,
              "context": null,
              "code": "const authToken = localStorage.getItem(\"user\");\ncy.request({\n  method: \"GET\",\n  url: `${UrlApi}/orders`,\n  headers: {\n    Authorization: `Bearer ${authToken}`\n  }\n}).then(response => {\n  expect(response.status).to.eq(200);\n  expect(response.body).to.be.an(\"object\");\n  expect(response.body).to.have.property(\"orderLines\");\n  expect(response.body.orderLines).to.be.an(\"array\");\n});",
              "err": {},
              "uuid": "c5d260cb-d93e-4b04-aec7-a3fd0f7a2574",
              "parentUUID": "46442389-a237-4a9a-9370-b26b86927202",
              "isHook": false,
              "skipped": false
            },
            {
              "title": "should not display the list of products from the cart if not authenticated",
              "fullTitle": "API orders test should not display the list of products from the cart if not authenticated",
              "timedOut": null,
              "duration": 1542,
              "state": "failed",
              "speed": null,
              "pass": false,
              "fail": true,
              "pending": false,
              "context": null,
              "code": "cy.logout();\ncy.request({\n  method: \"GET\",\n  url: `${UrlApi}/orders`,\n  failOnStatusCode: false\n}).then(response => {\n  expect(response.status).to.eq(403); // Should be 403 (Forbidden), but returns 401 (Unauthorized)\n});",
              "err": {
                "message": "AssertionError: expected 401 to equal 403",
                "estack": "AssertionError: expected 401 to equal 403\n    at Context.eval (webpack:///./cypress/support/commands.js:22:4)",
                "diff": "- 401\n+ 403\n"
              },
              "uuid": "a8bd188e-8481-4b28-9873-69a3b45c0d5f",
              "parentUUID": "46442389-a237-4a9a-9370-b26b86927202",
              "isHook": false,
              "skipped": false
            },
            {
              "title": "should return a forbidden error when not authorized to view the products from the cart",
              "fullTitle": "API orders test should return a forbidden error when not authorized to view the products from the cart",
              "timedOut": null,
              "duration": 1557,
              "state": "passed",
              "speed": "fast",
              "pass": true,
              "fail": false,
              "pending": false,
              "context": null,
              "code": "const authToken = \"invalid_token\";\ncy.request({\n  method: \"GET\",\n  url: `${UrlApi}/orders`,\n  headers: {\n    Authorization: `Bearer ${authToken}`\n  },\n  failOnStatusCode: false\n}).then(response => {\n  expect(response.status).to.eq(401); // 401 (Unauthorized) vs 403 (Forbidden)\n});",
              "err": {},
              "uuid": "7267ead2-210b-4cee-a274-fa3f9e34f7b9",
              "parentUUID": "46442389-a237-4a9a-9370-b26b86927202",
              "isHook": false,
              "skipped": false
            }
          ],
          "suites": [],
          "passes": [
            "c5d260cb-d93e-4b04-aec7-a3fd0f7a2574",
            "7267ead2-210b-4cee-a274-fa3f9e34f7b9"
          ],
          "failures": [
            "a8bd188e-8481-4b28-9873-69a3b45c0d5f"
          ],
          "pending": [],
          "skipped": [],
          "duration": 4668,
          "root": false,
          "rootEmpty": false,
          "_timeout": 2000
        }
      ],
      "passes": [],
      "failures": [],
      "pending": [],
      "skipped": [],
      "duration": 0,
      "root": true,
      "rootEmpty": true,
      "_timeout": 2000
    }
  ],
  "meta": {
    "mocha": {
      "version": "7.0.1"
    },
    "mochawesome": {
      "options": {
        "quiet": false,
        "reportFilename": "mochawesome",
        "saveHtml": false,
        "saveJson": true,
        "consoleReporter": "spec",
        "useInlineDiffs": false,
        "code": true
      },
      "version": "7.1.3"
    },
    "marge": {
      "options": {
        "id": "default",
        "reportDir": "cypress/reports/mochawesome",
        "overwrite": false,
        "html": false,
        "json": true
      },
      "version": "6.2.0"
    }
  }
}