{
  "stats": {
    "suites": 1,
    "tests": 3,
    "passes": 2,
    "pending": 0,
    "failures": 1,
    "start": "2024-07-06T17:53:54.514Z",
    "end": "2024-07-06T17:54:33.142Z",
    "duration": 38628,
    "testsRegistered": 3,
    "passPercent": 66.66666666666666,
    "pendingPercent": 0,
    "other": 0,
    "hasOther": false,
    "skipped": 0,
    "hasSkipped": false
  },
  "results": [
    {
      "uuid": "8abe9824-140e-42fd-a4a2-d8885fdca53b",
      "title": "",
      "fullFile": "cypress\\e2e\\3-tests-API\\api.orders.add.cy.js",
      "file": "cypress\\e2e\\3-tests-API\\api.orders.add.cy.js",
      "beforeHooks": [],
      "afterHooks": [],
      "tests": [],
      "suites": [
        {
          "uuid": "4e542398-1e7c-4b1b-9ccc-91e3152547b1",
          "title": "API add product to cart test",
          "fullFile": "",
          "file": "",
          "beforeHooks": [],
          "afterHooks": [],
          "tests": [
            {
              "title": "should add an available product to the cart",
              "fullTitle": "API add product to cart test should add an available product to the cart",
              "timedOut": null,
              "duration": 35195,
              "state": "passed",
              "speed": "slow",
              "pass": true,
              "fail": false,
              "pending": false,
              "context": null,
              "code": "const authToken = localStorage.getItem(\"user\");\ncy.request({\n  method: \"PUT\",\n  url: `${UrlApi}/orders/add`,\n  headers: {\n    Authorization: `Bearer ${authToken}`\n  },\n  body: {\n    product: 5,\n    // ID of an available product\n    quantity: 1\n  }\n}).then(response => {\n  expect(response.status).to.eq(200); // (OK)\n  cy.visit(\"/cart\");\n  cy.wait(2000);\n  cy.get('[data-cy=\"cart-line\"]').should(\"have.length.at.least\", 1); // Verify if there is at least 1 product in the cart\n});",
              "err": {},
              "uuid": "05cc469d-84c6-4a21-bd22-e910c48cef99",
              "parentUUID": "4e542398-1e7c-4b1b-9ccc-91e3152547b1",
              "isHook": false,
              "skipped": false
            },
            {
              "title": "should return an error when adding an out-of-stock product to the cart",
              "fullTitle": "API add product to cart test should return an error when adding an out-of-stock product to the cart",
              "timedOut": null,
              "duration": 1662,
              "state": "failed",
              "speed": null,
              "pass": false,
              "fail": true,
              "pending": false,
              "context": null,
              "code": "const authToken = localStorage.getItem(\"user\");\ncy.request({\n  method: \"GET\",\n  url: `${UrlApi}/products/3`,\n  // product ID\n  headers: {\n    Authorization: `Bearer ${authToken}`\n  }\n}).then(response => {\n  expect(response.status).to.eq(200);\n  const productStock = response.body.availableStock;\n  expect(productStock).to.be.a(\"number\").and.to.be.greaterThan(0);\n  const requestedQuantity = productStock + 1;\n  cy.request({\n    method: \"PUT\",\n    url: `${UrlApi}/orders/add`,\n    headers: {\n      Authorization: `Bearer ${authToken}`\n    },\n    body: {\n      product: 3,\n      // product ID\n      quantity: requestedQuantity\n    },\n    failOnStatusCode: false\n  }).then(response => {\n    expect(response.status).to.eq(400); // Bad request\n    expect(response.body).to.have.property(\"error\");\n    cy.visit(\"/cart\");\n    cy.get('[data-cy=\"cart-line\"]').should(\"have.length\", 0); // 0 products in the cart\n  });\n});",
              "err": {
                "message": "AssertionError: expected -11 to be above +0",
                "estack": "AssertionError: expected -11 to be above +0\n    at Context.eval (webpack:///./cypress/support/commands.js:22:4)",
                "diff": null
              },
              "uuid": "10d73c15-571b-49d7-af5c-0f93fe5b1243",
              "parentUUID": "4e542398-1e7c-4b1b-9ccc-91e3152547b1",
              "isHook": false,
              "skipped": false
            },
            {
              "title": "should return an error when not authenticated",
              "fullTitle": "API add product to cart test should return an error when not authenticated",
              "timedOut": null,
              "duration": 1368,
              "state": "passed",
              "speed": "fast",
              "pass": true,
              "fail": false,
              "pending": false,
              "context": null,
              "code": "cy.logout();\ncy.request({\n  method: \"PUT\",\n  url: `${UrlApi}/orders/add`,\n  body: {\n    product: 1,\n    quantity: 2\n  },\n  failOnStatusCode: false,\n  headers: {\n    \"Content-Type\": \"application/json\"\n  }\n}).then(response => {\n  expect(response.status).to.eq(401); // Unauthorized\n});",
              "err": {},
              "uuid": "9d803227-fcfd-4563-905a-0ee3bb2edb05",
              "parentUUID": "4e542398-1e7c-4b1b-9ccc-91e3152547b1",
              "isHook": false,
              "skipped": false
            }
          ],
          "suites": [],
          "passes": [
            "05cc469d-84c6-4a21-bd22-e910c48cef99",
            "9d803227-fcfd-4563-905a-0ee3bb2edb05"
          ],
          "failures": [
            "10d73c15-571b-49d7-af5c-0f93fe5b1243"
          ],
          "pending": [],
          "skipped": [],
          "duration": 38225,
          "root": false,
          "rootEmpty": false,
          "_timeout": 2000
        }
      ],
      "passes": [],
      "failures": [],
      "pending": [],
      "skipped": [],
      "duration": 0,
      "root": true,
      "rootEmpty": true,
      "_timeout": 2000
    }
  ],
  "meta": {
    "mocha": {
      "version": "7.0.1"
    },
    "mochawesome": {
      "options": {
        "quiet": false,
        "reportFilename": "mochawesome",
        "saveHtml": false,
        "saveJson": true,
        "consoleReporter": "spec",
        "useInlineDiffs": false,
        "code": true
      },
      "version": "7.1.3"
    },
    "marge": {
      "options": {
        "id": "default",
        "reportDir": "cypress/reports/mochawesome",
        "overwrite": false,
        "html": false,
        "json": true
      },
      "version": "6.2.0"
    }
  }
}