{
  "stats": {
    "suites": 1,
    "tests": 2,
    "passes": 2,
    "pending": 0,
    "failures": 0,
    "start": "2024-07-04T18:04:37.904Z",
    "end": "2024-07-04T18:04:52.690Z",
    "duration": 14786,
    "testsRegistered": 2,
    "passPercent": 100,
    "pendingPercent": 0,
    "other": 0,
    "hasOther": false,
    "skipped": 0,
    "hasSkipped": false
  },
  "results": [
    {
      "uuid": "cca1931b-6d64-4e28-b060-7fd87e1ec1ec",
      "title": "",
      "fullFile": "cypress\\e2e\\2-advanced-examples\\waiting.cy.js",
      "file": "cypress\\e2e\\2-advanced-examples\\waiting.cy.js",
      "beforeHooks": [],
      "afterHooks": [],
      "tests": [],
      "suites": [
        {
          "uuid": "32352321-6d37-4fe8-b32e-f8e0b6ad284f",
          "title": "Waiting",
          "fullFile": "",
          "file": "",
          "beforeHooks": [],
          "afterHooks": [],
          "tests": [
            {
              "title": "cy.wait() - wait for a specific amount of time",
              "fullTitle": "Waiting cy.wait() - wait for a specific amount of time",
              "timedOut": null,
              "duration": 6053,
              "state": "passed",
              "speed": "medium",
              "pass": true,
              "fail": false,
              "pending": false,
              "context": null,
              "code": "cy.get('.wait-input1').type('Wait 1000ms after typing');\ncy.wait(1000);\ncy.get('.wait-input2').type('Wait 1000ms after typing');\ncy.wait(1000);\ncy.get('.wait-input3').type('Wait 1000ms after typing');\ncy.wait(1000);",
              "err": {},
              "uuid": "80c3d97a-992e-4306-bcc9-6c2bd3c425aa",
              "parentUUID": "32352321-6d37-4fe8-b32e-f8e0b6ad284f",
              "isHook": false,
              "skipped": false
            },
            {
              "title": "cy.wait() - wait for a specific route",
              "fullTitle": "Waiting cy.wait() - wait for a specific route",
              "timedOut": null,
              "duration": 1796,
              "state": "passed",
              "speed": "fast",
              "pass": true,
              "fail": false,
              "pending": false,
              "context": null,
              "code": "// Listen to GET to comments/1\ncy.intercept('GET', '**/comments/*').as('getComment');\n// we have code that gets a comment when\n// the button is clicked in scripts.js\ncy.get('.network-btn').click();\n// wait for GET comments/1\ncy.wait('@getComment').its('response.statusCode').should('be.oneOf', [200, 304]);",
              "err": {},
              "uuid": "3d725123-3d97-44d3-b2ee-16b310d479d3",
              "parentUUID": "32352321-6d37-4fe8-b32e-f8e0b6ad284f",
              "isHook": false,
              "skipped": false
            }
          ],
          "suites": [],
          "passes": [
            "80c3d97a-992e-4306-bcc9-6c2bd3c425aa",
            "3d725123-3d97-44d3-b2ee-16b310d479d3"
          ],
          "failures": [],
          "pending": [],
          "skipped": [],
          "duration": 7849,
          "root": false,
          "rootEmpty": false,
          "_timeout": 2000
        }
      ],
      "passes": [],
      "failures": [],
      "pending": [],
      "skipped": [],
      "duration": 0,
      "root": true,
      "rootEmpty": true,
      "_timeout": 2000
    }
  ],
  "meta": {
    "mocha": {
      "version": "7.0.1"
    },
    "mochawesome": {
      "options": {
        "quiet": false,
        "reportFilename": "mochawesome",
        "saveHtml": false,
        "saveJson": true,
        "consoleReporter": "spec",
        "useInlineDiffs": false,
        "code": true
      },
      "version": "7.1.3"
    },
    "marge": {
      "options": {
        "id": "default",
        "reportDir": "cypress/reports/mochawesome",
        "overwrite": false,
        "html": false,
        "json": true
      },
      "version": "6.2.0"
    }
  }
}