{
  "stats": {
    "suites": 1,
    "tests": 5,
    "passes": 5,
    "pending": 0,
    "failures": 0,
    "start": "2024-07-06T17:52:34.916Z",
    "end": "2024-07-06T17:52:44.071Z",
    "duration": 9155,
    "testsRegistered": 5,
    "passPercent": 100,
    "pendingPercent": 0,
    "other": 0,
    "hasOther": false,
    "skipped": 0,
    "hasSkipped": false
  },
  "results": [
    {
      "uuid": "d3256103-66b9-43e7-a150-283e315917c9",
      "title": "",
      "fullFile": "cypress\\e2e\\2-advanced-examples\\utilities.cy.js",
      "file": "cypress\\e2e\\2-advanced-examples\\utilities.cy.js",
      "beforeHooks": [],
      "afterHooks": [],
      "tests": [],
      "suites": [
        {
          "uuid": "de46d109-d4df-4d6e-8169-bd3ba79c21ae",
          "title": "Utilities",
          "fullFile": "",
          "file": "",
          "beforeHooks": [],
          "afterHooks": [],
          "tests": [
            {
              "title": "Cypress._ - call a lodash method",
              "fullTitle": "Utilities Cypress._ - call a lodash method",
              "timedOut": null,
              "duration": 2262,
              "state": "passed",
              "speed": "fast",
              "pass": true,
              "fail": false,
              "pending": false,
              "context": null,
              "code": "// https://on.cypress.io/_\ncy.request('https://jsonplaceholder.cypress.io/users').then(response => {\n  let ids = Cypress._.chain(response.body).map('id').take(3).value();\n  expect(ids).to.deep.eq([1, 2, 3]);\n});",
              "err": {},
              "uuid": "7366a5f6-e723-423c-b3da-9f1c7d662b7b",
              "parentUUID": "de46d109-d4df-4d6e-8169-bd3ba79c21ae",
              "isHook": false,
              "skipped": false
            },
            {
              "title": "Cypress.$ - call a jQuery method",
              "fullTitle": "Utilities Cypress.$ - call a jQuery method",
              "timedOut": null,
              "duration": 454,
              "state": "passed",
              "speed": "fast",
              "pass": true,
              "fail": false,
              "pending": false,
              "context": null,
              "code": "// https://on.cypress.io/$\nlet $li = Cypress.$('.utility-jquery li:first');\ncy.wrap($li).should('not.have.class', 'active');\ncy.wrap($li).click();\ncy.wrap($li).should('have.class', 'active');",
              "err": {},
              "uuid": "8b2a1a4c-374f-4613-a4f2-3b39ac8a2642",
              "parentUUID": "de46d109-d4df-4d6e-8169-bd3ba79c21ae",
              "isHook": false,
              "skipped": false
            },
            {
              "title": "Cypress.Blob - blob utilities and base64 string conversion",
              "fullTitle": "Utilities Cypress.Blob - blob utilities and base64 string conversion",
              "timedOut": null,
              "duration": 1076,
              "state": "passed",
              "speed": "fast",
              "pass": true,
              "fail": false,
              "pending": false,
              "context": null,
              "code": "// https://on.cypress.io/blob\ncy.get('.utility-blob').then($div => {\n  // https://github.com/nolanlawson/blob-util#imgSrcToDataURL\n  // get the dataUrl string for the javascript-logo\n  return Cypress.Blob.imgSrcToDataURL('https://example.cypress.io/assets/img/javascript-logo.png', undefined, 'anonymous').then(dataUrl => {\n    // create an <img> element and set its src to the dataUrl\n    let img = Cypress.$('<img />', {\n      src: dataUrl\n    });\n    // need to explicitly return cy here since we are initially returning\n    // the Cypress.Blob.imgSrcToDataURL promise to our test\n    // append the image\n    $div.append(img);\n    cy.get('.utility-blob img').click();\n    cy.get('.utility-blob img').should('have.attr', 'src', dataUrl);\n  });\n});",
              "err": {},
              "uuid": "1b8dd548-adab-4e28-b277-c73b00f4db63",
              "parentUUID": "de46d109-d4df-4d6e-8169-bd3ba79c21ae",
              "isHook": false,
              "skipped": false
            },
            {
              "title": "Cypress.minimatch - test out glob patterns against strings",
              "fullTitle": "Utilities Cypress.minimatch - test out glob patterns against strings",
              "timedOut": null,
              "duration": 203,
              "state": "passed",
              "speed": "fast",
              "pass": true,
              "fail": false,
              "pending": false,
              "context": null,
              "code": "// https://on.cypress.io/minimatch\nlet matching = Cypress.minimatch('/users/1/comments', '/users/*/comments', {\n  matchBase: true\n});\nexpect(matching, 'matching wildcard').to.be.true;\nmatching = Cypress.minimatch('/users/1/comments/2', '/users/*/comments', {\n  matchBase: true\n});\nexpect(matching, 'comments').to.be.false;\n// ** matches against all downstream path segments\nmatching = Cypress.minimatch('/foo/bar/baz/123/quux?a=b&c=2', '/foo/**', {\n  matchBase: true\n});\nexpect(matching, 'comments').to.be.true;\n// whereas * matches only the next path segment\nmatching = Cypress.minimatch('/foo/bar/baz/123/quux?a=b&c=2', '/foo/*', {\n  matchBase: false\n});\nexpect(matching, 'comments').to.be.false;",
              "err": {},
              "uuid": "9b98f3db-6023-4f20-afc0-90e702b1d4fc",
              "parentUUID": "de46d109-d4df-4d6e-8169-bd3ba79c21ae",
              "isHook": false,
              "skipped": false
            },
            {
              "title": "Cypress.Promise - instantiate a bluebird promise",
              "fullTitle": "Utilities Cypress.Promise - instantiate a bluebird promise",
              "timedOut": null,
              "duration": 1292,
              "state": "passed",
              "speed": "fast",
              "pass": true,
              "fail": false,
              "pending": false,
              "context": null,
              "code": "// https://on.cypress.io/promise\nlet waited = false;\n/**\n * @return Bluebird<string>\n */\nfunction waitOneSecond() {\n  // return a promise that resolves after 1 second\n  return new Cypress.Promise((resolve, reject) => {\n    setTimeout(() => {\n      // set waited to true\n      waited = true;\n      // resolve with 'foo' string\n      resolve('foo');\n    }, 1000);\n  });\n}\ncy.then(() => {\n  // return a promise to cy.then() that\n  // is awaited until it resolves\n  return waitOneSecond().then(str => {\n    expect(str).to.eq('foo');\n    expect(waited).to.be.true;\n  });\n});",
              "err": {},
              "uuid": "14063251-a24b-4b73-bfb3-e4d1e1fca003",
              "parentUUID": "de46d109-d4df-4d6e-8169-bd3ba79c21ae",
              "isHook": false,
              "skipped": false
            }
          ],
          "suites": [],
          "passes": [
            "7366a5f6-e723-423c-b3da-9f1c7d662b7b",
            "8b2a1a4c-374f-4613-a4f2-3b39ac8a2642",
            "1b8dd548-adab-4e28-b277-c73b00f4db63",
            "9b98f3db-6023-4f20-afc0-90e702b1d4fc",
            "14063251-a24b-4b73-bfb3-e4d1e1fca003"
          ],
          "failures": [],
          "pending": [],
          "skipped": [],
          "duration": 5287,
          "root": false,
          "rootEmpty": false,
          "_timeout": 2000
        }
      ],
      "passes": [],
      "failures": [],
      "pending": [],
      "skipped": [],
      "duration": 0,
      "root": true,
      "rootEmpty": true,
      "_timeout": 2000
    }
  ],
  "meta": {
    "mocha": {
      "version": "7.0.1"
    },
    "mochawesome": {
      "options": {
        "quiet": false,
        "reportFilename": "mochawesome",
        "saveHtml": false,
        "saveJson": true,
        "consoleReporter": "spec",
        "useInlineDiffs": false,
        "code": true
      },
      "version": "7.1.3"
    },
    "marge": {
      "options": {
        "id": "default",
        "reportDir": "cypress/reports/mochawesome",
        "overwrite": false,
        "html": false,
        "json": true
      },
      "version": "6.2.0"
    }
  }
}