{
  "stats": {
    "suites": 1,
    "tests": 3,
    "passes": 3,
    "pending": 0,
    "failures": 0,
    "start": "2024-07-04T18:05:21.828Z",
    "end": "2024-07-04T18:05:30.434Z",
    "duration": 8606,
    "testsRegistered": 3,
    "passPercent": 100,
    "pendingPercent": 0,
    "other": 0,
    "hasOther": false,
    "skipped": 0,
    "hasSkipped": false
  },
  "results": [
    {
      "uuid": "d1a5b0f0-1e9d-48dd-b53d-6eb7c57caa6b",
      "title": "",
      "fullFile": "cypress\\e2e\\3-tests-API\\api.login.cy.js",
      "file": "cypress\\e2e\\3-tests-API\\api.login.cy.js",
      "beforeHooks": [],
      "afterHooks": [],
      "tests": [],
      "suites": [
        {
          "uuid": "0453c5ef-26be-427a-bf8d-248a20544c4c",
          "title": "API login test",
          "fullFile": "",
          "file": "",
          "beforeHooks": [],
          "afterHooks": [],
          "tests": [
            {
              "title": "should successfully log in with valid credentials",
              "fullTitle": "API login test should successfully log in with valid credentials",
              "timedOut": null,
              "duration": 5084,
              "state": "passed",
              "speed": "medium",
              "pass": true,
              "fail": false,
              "pending": false,
              "context": null,
              "code": "cy.request({\n  method: \"POST\",\n  url: `${UrlApi}/login`,\n  body: {\n    username: Cypress.env(\"username\"),\n    password: Cypress.env(\"password\")\n  },\n  failOnStatusCode: false\n}).then(response => {\n  expect(response.status).to.eq(200);\n});",
              "err": {},
              "uuid": "b921f82c-037d-4bae-95e1-aeb604a6d4a9",
              "parentUUID": "0453c5ef-26be-427a-bf8d-248a20544c4c",
              "isHook": false,
              "skipped": false
            },
            {
              "title": "should fail to log in with invalid credentials",
              "fullTitle": "API login test should fail to log in with invalid credentials",
              "timedOut": null,
              "duration": 2740,
              "state": "passed",
              "speed": "fast",
              "pass": true,
              "fail": false,
              "pending": false,
              "context": null,
              "code": "cy.request({\n  method: \"POST\",\n  url: `${UrlApi}/login`,\n  body: {\n    username: \"invalid@test.fr\",\n    password: \"wrongpassword\"\n  },\n  failOnStatusCode: false\n}).then(response => {\n  expect(response.status).to.eq(401);\n});",
              "err": {},
              "uuid": "16a1ae0a-8c12-449e-b8e4-71451d224092",
              "parentUUID": "0453c5ef-26be-427a-bf8d-248a20544c4c",
              "isHook": false,
              "skipped": false
            },
            {
              "title": "should return an error for missing credentials",
              "fullTitle": "API login test should return an error for missing credentials",
              "timedOut": null,
              "duration": 560,
              "state": "passed",
              "speed": "fast",
              "pass": true,
              "fail": false,
              "pending": false,
              "context": null,
              "code": "cy.request({\n  method: \"POST\",\n  url: `${UrlApi}/login`,\n  body: {},\n  failOnStatusCode: false\n}).then(response => {\n  expect(response.status).to.eq(400);\n});",
              "err": {},
              "uuid": "eeb1f796-5f35-4e1e-b0c9-eda465771eff",
              "parentUUID": "0453c5ef-26be-427a-bf8d-248a20544c4c",
              "isHook": false,
              "skipped": false
            }
          ],
          "suites": [],
          "passes": [
            "b921f82c-037d-4bae-95e1-aeb604a6d4a9",
            "16a1ae0a-8c12-449e-b8e4-71451d224092",
            "eeb1f796-5f35-4e1e-b0c9-eda465771eff"
          ],
          "failures": [],
          "pending": [],
          "skipped": [],
          "duration": 8384,
          "root": false,
          "rootEmpty": false,
          "_timeout": 2000
        }
      ],
      "passes": [],
      "failures": [],
      "pending": [],
      "skipped": [],
      "duration": 0,
      "root": true,
      "rootEmpty": true,
      "_timeout": 2000
    }
  ],
  "meta": {
    "mocha": {
      "version": "7.0.1"
    },
    "mochawesome": {
      "options": {
        "quiet": false,
        "reportFilename": "mochawesome",
        "saveHtml": false,
        "saveJson": true,
        "consoleReporter": "spec",
        "useInlineDiffs": false,
        "code": true
      },
      "version": "7.1.3"
    },
    "marge": {
      "options": {
        "id": "default",
        "reportDir": "cypress/reports/mochawesome",
        "overwrite": false,
        "html": false,
        "json": true
      },
      "version": "6.2.0"
    }
  }
}